2022-10-13 16:14:11,845 - tOITe-Log - DEBUG - tutorial
2022-10-13 16:14:12,352 - tOITe-Log - DEBUG - Save Data:{'tutorial': 'T', 'speech': '0', 'pose': '0', 'select': '0', 'complete': '0'}
2022-10-13 16:14:12,364 - tOITe-Log - DEBUG - State Change: SELECT_GAME
2022-10-13 16:14:25,802 - tOITe-Log - DEBUG - Event : épê®êÑíË
2022-10-13 16:14:25,820 - tOITe-Log - DEBUG - State Change: POSE_Q
2022-10-13 16:14:37,924 - tOITe-Log - DEBUG - Event : POSE_Q
2022-10-13 16:14:37,939 - tOITe-Log - DEBUG - State Change: POSE_IMGPROC
2022-10-13 16:14:38,176 - tOITe-Log - DEBUG - isFound : 0
2022-10-13 16:14:38,241 - tOITe-Log - DEBUG - isFound : 0
2022-10-13 16:14:38,314 - tOITe-Log - DEBUG - isFound : 0
2022-10-13 16:14:38,361 - tOITe-Log - DEBUG - isFound : 0
2022-10-13 16:14:38,407 - tOITe-Log - DEBUG - isFound : 0
2022-10-13 16:14:38,455 - tOITe-Log - DEBUG - isFound : 0
2022-10-13 16:14:38,518 - tOITe-Log - DEBUG - isFound : 0
2022-10-13 16:14:38,581 - tOITe-Log - DEBUG - isFound : 0
2022-10-13 16:14:38,628 - tOITe-Log - DEBUG - isFound : 0
2022-10-13 16:14:38,675 - tOITe-Log - DEBUG - isFound : 0
2022-10-13 16:14:38,715 - tOITe-Log - DEBUG - isFound : 0
2022-10-13 16:14:38,767 - tOITe-Log - DEBUG - isFound : 0
2022-10-13 16:14:38,815 - tOITe-Log - DEBUG - isFound : 0
2022-10-13 16:14:38,862 - tOITe-Log - DEBUG - isFound : 0
2022-10-13 16:14:38,909 - tOITe-Log - DEBUG - isFound : 0
2022-10-13 16:14:38,955 - tOITe-Log - DEBUG - isFound : 0
2022-10-13 16:14:39,003 - tOITe-Log - DEBUG - isFound : 0
2022-10-13 16:14:39,048 - tOITe-Log - DEBUG - isFound : 0
2022-10-13 16:14:39,096 - tOITe-Log - DEBUG - isFound : 0
2022-10-13 16:14:39,142 - tOITe-Log - DEBUG - isFound : 0
2022-10-13 16:14:39,192 - tOITe-Log - DEBUG - isFound : 0
2022-10-13 16:14:39,240 - tOITe-Log - DEBUG - isFound : 0
2022-10-13 16:14:39,295 - tOITe-Log - DEBUG - isFound : 0
2022-10-13 16:14:39,345 - tOITe-Log - DEBUG - isFound : 0
2022-10-13 16:14:39,394 - tOITe-Log - DEBUG - isFound : 0
2022-10-13 16:14:39,440 - tOITe-Log - DEBUG - isFound : 0
2022-10-13 16:14:39,486 - tOITe-Log - DEBUG - isFound : 0
2022-10-13 16:14:39,534 - tOITe-Log - DEBUG - isFound : 0
2022-10-13 16:14:39,581 - tOITe-Log - DEBUG - isFound : 0
2022-10-13 16:14:39,627 - tOITe-Log - DEBUG - isFound : 0
2022-10-13 16:14:39,674 - tOITe-Log - DEBUG - isFound : 0
2022-10-13 16:14:39,720 - tOITe-Log - DEBUG - isFound : 0
2022-10-13 16:14:39,767 - tOITe-Log - DEBUG - isFound : 0
2022-10-13 16:14:39,814 - tOITe-Log - DEBUG - isFound : 0
2022-10-13 16:14:39,861 - tOITe-Log - DEBUG - isFound : 0
2022-10-13 16:14:39,908 - tOITe-Log - DEBUG - isFound : 0
2022-10-13 16:14:39,954 - tOITe-Log - DEBUG - isFound : 0
2022-10-13 16:14:40,001 - tOITe-Log - DEBUG - isFound : 0
2022-10-13 16:14:40,047 - tOITe-Log - DEBUG - isFound : 0
2022-10-13 16:14:40,094 - tOITe-Log - DEBUG - isFound : 0
2022-10-13 16:14:40,141 - tOITe-Log - DEBUG - isFound : 0
2022-10-13 16:14:40,188 - tOITe-Log - DEBUG - isFound : 0
2022-10-13 16:14:40,235 - tOITe-Log - DEBUG - isFound : 0
2022-10-13 16:14:40,273 - tOITe-Log - DEBUG - isFound : 0
2022-10-13 16:14:40,314 - tOITe-Log - DEBUG - isFound : 0
2022-10-13 16:14:40,359 - tOITe-Log - DEBUG - isFound : 0
2022-10-13 16:14:40,406 - tOITe-Log - DEBUG - isFound : 0
2022-10-13 16:14:40,453 - tOITe-Log - DEBUG - isFound : 0
2022-10-13 16:14:40,501 - tOITe-Log - DEBUG - isFound : 0
2022-10-13 16:14:40,547 - tOITe-Log - DEBUG - isFound : 0
2022-10-13 16:14:40,595 - tOITe-Log - DEBUG - isFound : 0
2022-10-13 16:14:40,657 - tOITe-Log - DEBUG - isFound : 0
2022-10-13 16:14:40,701 - tOITe-Log - DEBUG - isFound : 0
2022-10-13 16:14:40,747 - tOITe-Log - DEBUG - isFound : 0
2022-10-13 16:14:40,792 - tOITe-Log - DEBUG - isFound : 0
2022-10-13 16:14:40,839 - tOITe-Log - DEBUG - isFound : 0
2022-10-13 16:14:40,886 - tOITe-Log - DEBUG - isFound : 0
2022-10-13 16:14:40,955 - tOITe-Log - DEBUG - isFound : 0
2022-10-13 16:14:41,002 - tOITe-Log - DEBUG - isFound : 0
2022-10-13 16:14:41,079 - tOITe-Log - DEBUG - isFound : 0
2022-10-13 16:14:41,126 - tOITe-Log - DEBUG - isFound : 0
2022-10-13 16:14:41,172 - tOITe-Log - DEBUG - isFound : 0
2022-10-13 16:14:41,210 - tOITe-Log - DEBUG - isFound : 0
2022-10-13 16:14:41,249 - tOITe-Log - DEBUG - isFound : 0
2022-10-13 16:14:41,290 - tOITe-Log - DEBUG - isFound : 0
2022-10-13 16:14:41,331 - tOITe-Log - DEBUG - isFound : 0
2022-10-13 16:14:41,375 - tOITe-Log - DEBUG - isFound : 0
2022-10-13 16:14:41,421 - tOITe-Log - DEBUG - isFound : 0
2022-10-13 16:14:41,463 - tOITe-Log - DEBUG - isFound : 0
2022-10-13 16:14:41,504 - tOITe-Log - DEBUG - isFound : 0
2022-10-13 16:14:41,541 - tOITe-Log - DEBUG - isFound : 0
2022-10-13 16:14:41,583 - tOITe-Log - DEBUG - isFound : 0
2022-10-13 16:14:41,622 - tOITe-Log - DEBUG - isFound : 0
2022-10-13 16:14:41,677 - tOITe-Log - DEBUG - isFound : 0
2022-10-13 16:14:41,721 - tOITe-Log - DEBUG - isFound : 0
2022-10-13 16:14:41,765 - tOITe-Log - DEBUG - isFound : 0
2022-10-13 16:14:41,805 - tOITe-Log - DEBUG - isFound : 0
2022-10-13 16:14:41,847 - tOITe-Log - DEBUG - isFound : 0
2022-10-13 16:14:41,889 - tOITe-Log - DEBUG - isFound : 0
2022-10-13 16:14:41,929 - tOITe-Log - DEBUG - isFound : 0
2022-10-13 16:14:41,969 - tOITe-Log - DEBUG - isFound : 0
2022-10-13 16:14:42,008 - tOITe-Log - DEBUG - isFound : 0
2022-10-13 16:14:42,051 - tOITe-Log - DEBUG - isFound : 0
2022-10-13 16:14:42,090 - tOITe-Log - DEBUG - isFound : 0
2022-10-13 16:14:42,129 - tOITe-Log - DEBUG - isFound : 0
2022-10-13 16:14:42,169 - tOITe-Log - DEBUG - isFound : 0
2022-10-13 16:14:42,207 - tOITe-Log - DEBUG - isFound : 0
2022-10-13 16:14:42,245 - tOITe-Log - DEBUG - isFound : 0
2022-10-13 16:14:42,284 - tOITe-Log - DEBUG - isFound : 0
2022-10-13 16:14:42,323 - tOITe-Log - DEBUG - isFound : 0
2022-10-13 16:14:42,365 - tOITe-Log - DEBUG - isFound : 0
2022-10-13 16:14:42,405 - tOITe-Log - DEBUG - isFound : 0
2022-10-13 16:14:42,448 - tOITe-Log - DEBUG - isFound : 0
2022-10-13 16:14:42,489 - tOITe-Log - DEBUG - isFound : 0
2022-10-13 16:14:42,529 - tOITe-Log - DEBUG - isFound : 0
2022-10-13 16:14:42,569 - tOITe-Log - DEBUG - isFound : 0
2022-10-13 16:14:42,609 - tOITe-Log - DEBUG - isFound : 0
2022-10-13 16:14:42,649 - tOITe-Log - DEBUG - isFound : 0
2022-10-13 16:14:42,690 - tOITe-Log - DEBUG - isFound : 0
2022-10-13 16:14:42,751 - tOITe-Log - DEBUG - isFound : 0
2022-10-13 16:14:42,792 - tOITe-Log - DEBUG - isFound : 0
2022-10-13 16:14:42,831 - tOITe-Log - DEBUG - isFound : 0
2022-10-13 16:14:42,892 - tOITe-Log - DEBUG - isFound : 0
2022-10-13 16:14:42,931 - tOITe-Log - DEBUG - isFound : 0
2022-10-13 16:14:42,971 - tOITe-Log - DEBUG - isFound : 0
2022-10-13 16:14:43,020 - tOITe-Log - DEBUG - isFound : 0
2022-10-13 16:14:43,063 - tOITe-Log - DEBUG - isFound : 0
2022-10-13 16:14:43,102 - tOITe-Log - DEBUG - isFound : 0
2022-10-13 16:14:43,142 - tOITe-Log - DEBUG - isFound : 0
2022-10-13 16:14:43,182 - tOITe-Log - DEBUG - isFound : 0
2022-10-13 16:14:43,221 - tOITe-Log - DEBUG - isFound : 0
2022-10-13 16:14:43,261 - tOITe-Log - DEBUG - isFound : 0
2022-10-13 16:14:43,300 - tOITe-Log - DEBUG - isFound : 0
2022-10-13 16:14:43,341 - tOITe-Log - DEBUG - isFound : 0
2022-10-13 16:14:43,380 - tOITe-Log - DEBUG - isFound : 0
2022-10-13 16:14:43,422 - tOITe-Log - DEBUG - isFound : 0
2022-10-13 16:14:43,462 - tOITe-Log - DEBUG - isFound : 0
2022-10-13 16:14:43,499 - tOITe-Log - DEBUG - isFound : 0
2022-10-13 16:14:43,539 - tOITe-Log - DEBUG - isFound : 0
2022-10-13 16:14:43,582 - tOITe-Log - DEBUG - isFound : 0
2022-10-13 16:14:43,621 - tOITe-Log - DEBUG - isFound : 0
2022-10-13 16:14:43,659 - tOITe-Log - DEBUG - isFound : 0
2022-10-13 16:14:43,699 - tOITe-Log - DEBUG - isFound : 0
2022-10-13 16:14:43,736 - tOITe-Log - DEBUG - isFound : 0
2022-10-13 16:14:43,776 - tOITe-Log - DEBUG - isFound : 0
2022-10-13 16:14:43,816 - tOITe-Log - DEBUG - isFound : 0
2022-10-13 16:14:43,856 - tOITe-Log - DEBUG - isFound : 0
2022-10-13 16:14:43,896 - tOITe-Log - DEBUG - isFound : 0
2022-10-13 16:14:43,936 - tOITe-Log - DEBUG - isFound : 0
2022-10-13 16:14:43,982 - tOITe-Log - DEBUG - isFound : 0
2022-10-13 16:14:44,018 - tOITe-Log - DEBUG - isFound : 0
2022-10-13 16:14:44,068 - tOITe-Log - DEBUG - isFound : 0
2022-10-13 16:14:44,107 - tOITe-Log - DEBUG - isFound : 0
2022-10-13 16:14:44,147 - tOITe-Log - DEBUG - isFound : 0
2022-10-13 16:14:44,191 - tOITe-Log - DEBUG - isFound : 0
2022-10-13 16:14:44,244 - tOITe-Log - DEBUG - isFound : 0
2022-10-13 16:14:44,295 - tOITe-Log - DEBUG - isFound : 0
2022-10-13 16:14:44,341 - tOITe-Log - DEBUG - isFound : 0
2022-10-13 16:14:44,387 - tOITe-Log - DEBUG - isFound : 0
2022-10-13 16:14:44,436 - tOITe-Log - DEBUG - isFound : 0
2022-10-13 16:14:44,482 - tOITe-Log - DEBUG - isFound : 0
2022-10-13 16:14:44,532 - tOITe-Log - DEBUG - isFound : 0
2022-10-13 16:14:44,592 - tOITe-Log - DEBUG - isFound : 0
2022-10-13 16:14:44,649 - tOITe-Log - DEBUG - isFound : 0
2022-10-13 16:14:44,694 - tOITe-Log - DEBUG - isFound : 0
2022-10-13 16:14:44,736 - tOITe-Log - DEBUG - isFound : 0
2022-10-13 16:14:44,777 - tOITe-Log - DEBUG - isFound : 0
2022-10-13 16:14:44,818 - tOITe-Log - DEBUG - isFound : 0
2022-10-13 16:14:44,858 - tOITe-Log - DEBUG - isFound : 0
2022-10-13 16:14:44,899 - tOITe-Log - DEBUG - isFound : 0
2022-10-13 16:14:44,938 - tOITe-Log - DEBUG - isFound : 0
2022-10-13 16:14:44,982 - tOITe-Log - DEBUG - isFound : 0
2022-10-13 16:14:45,022 - tOITe-Log - DEBUG - isFound : 0
2022-10-13 16:14:45,066 - tOITe-Log - DEBUG - isFound : 0
2022-10-13 16:14:45,107 - tOITe-Log - DEBUG - isFound : 0
2022-10-13 16:14:45,150 - tOITe-Log - DEBUG - isFound : 0
2022-10-13 16:14:45,200 - tOITe-Log - DEBUG - isFound : 0
2022-10-13 16:14:45,246 - tOITe-Log - DEBUG - isFound : 0
2022-10-13 16:14:45,284 - tOITe-Log - DEBUG - isFound : 0
2022-10-13 16:14:45,327 - tOITe-Log - DEBUG - isFound : 0
2022-10-13 16:14:45,365 - tOITe-Log - DEBUG - isFound : 0
2022-10-13 16:14:45,406 - tOITe-Log - DEBUG - isFound : 0
2022-10-13 16:14:45,460 - tOITe-Log - DEBUG - isFound : 0
2022-10-13 16:14:45,584 - tOITe-Log - DEBUG - isFound : 0
2022-10-13 16:14:45,728 - tOITe-Log - DEBUG - isFound : 0
2022-10-13 16:14:45,824 - tOITe-Log - DEBUG - isFound : 0
2022-10-13 16:14:45,898 - tOITe-Log - DEBUG - isFound : 0
2022-10-13 16:14:45,969 - tOITe-Log - DEBUG - isFound : 0
2022-10-13 16:14:46,036 - tOITe-Log - DEBUG - isFound : 0
2022-10-13 16:14:46,102 - tOITe-Log - DEBUG - isFound : 0
2022-10-13 16:14:46,159 - tOITe-Log - DEBUG - isFound : 0
2022-10-13 16:14:46,216 - tOITe-Log - DEBUG - isFound : 0
2022-10-13 16:14:46,265 - tOITe-Log - DEBUG - isFound : 0
2022-10-13 16:14:46,317 - tOITe-Log - DEBUG - isFound : 0
2022-10-13 16:14:46,369 - tOITe-Log - DEBUG - isFound : 0
2022-10-13 16:14:46,427 - tOITe-Log - DEBUG - isFound : 0
2022-10-13 16:14:46,475 - tOITe-Log - DEBUG - isFound : 0
2022-10-13 16:14:46,530 - tOITe-Log - DEBUG - isFound : 0
2022-10-13 16:14:46,585 - tOITe-Log - DEBUG - isFound : 0
2022-10-13 16:14:46,641 - tOITe-Log - DEBUG - isFound : 0
2022-10-13 16:14:46,713 - tOITe-Log - DEBUG - isFound : 0
2022-10-13 16:14:46,774 - tOITe-Log - DEBUG - isFound : 0
2022-10-13 16:14:46,833 - tOITe-Log - DEBUG - isFound : 0
2022-10-13 16:14:46,888 - tOITe-Log - DEBUG - isFound : 0
2022-10-13 16:14:46,942 - tOITe-Log - DEBUG - isFound : 0
2022-10-13 16:14:47,006 - tOITe-Log - DEBUG - isFound : 0
2022-10-13 16:14:47,059 - tOITe-Log - DEBUG - isFound : 0
2022-10-13 16:14:47,120 - tOITe-Log - DEBUG - isFound : 0
2022-10-13 16:14:47,174 - tOITe-Log - DEBUG - isFound : 0
2022-10-13 16:14:47,224 - tOITe-Log - DEBUG - isFound : 0
