2022-10-13 16:10:54,034 - tOITe-Log - DEBUG - tutorial
2022-10-13 16:10:54,548 - tOITe-Log - DEBUG - Save Data:{'tutorial': 'T', 'speech': '0', 'pose': '0', 'select': '0', 'complete': '0'}
2022-10-13 16:10:54,566 - tOITe-Log - DEBUG - State Change: SELECT_GAME
2022-10-13 16:10:56,935 - tOITe-Log - DEBUG - Event : épê®êÑíË
2022-10-13 16:10:56,950 - tOITe-Log - DEBUG - State Change: POSE_Q
2022-10-13 16:11:01,510 - tOITe-Log - DEBUG - Event : POSE_Q
2022-10-13 16:11:01,525 - tOITe-Log - DEBUG - State Change: POSE_IMGPROC
2022-10-13 16:11:01,787 - tOITe-Log - DEBUG - isFound : 0
2022-10-13 16:11:01,840 - tOITe-Log - DEBUG - isFound : 0
2022-10-13 16:11:01,883 - tOITe-Log - DEBUG - isFound : 0
2022-10-13 16:11:01,921 - tOITe-Log - DEBUG - isFound : 0
2022-10-13 16:11:01,961 - tOITe-Log - DEBUG - isFound : 0
2022-10-13 16:11:02,005 - tOITe-Log - DEBUG - isFound : 0
2022-10-13 16:11:02,047 - tOITe-Log - DEBUG - isFound : 0
2022-10-13 16:11:02,095 - tOITe-Log - DEBUG - isFound : 0
2022-10-13 16:11:02,140 - tOITe-Log - DEBUG - isFound : 0
2022-10-13 16:11:02,187 - tOITe-Log - DEBUG - isFound : 0
2022-10-13 16:11:02,227 - tOITe-Log - DEBUG - isFound : 0
2022-10-13 16:11:02,270 - tOITe-Log - DEBUG - isFound : 0
2022-10-13 16:11:02,311 - tOITe-Log - DEBUG - isFound : 0
2022-10-13 16:11:02,352 - tOITe-Log - DEBUG - isFound : 0
2022-10-13 16:11:02,390 - tOITe-Log - DEBUG - isFound : 0
2022-10-13 16:11:02,433 - tOITe-Log - DEBUG - isFound : 0
2022-10-13 16:11:02,473 - tOITe-Log - DEBUG - isFound : 0
2022-10-13 16:11:02,524 - tOITe-Log - DEBUG - isFound : 0
2022-10-13 16:11:02,568 - tOITe-Log - DEBUG - isFound : 0
2022-10-13 16:11:02,609 - tOITe-Log - DEBUG - isFound : 0
2022-10-13 16:11:02,651 - tOITe-Log - DEBUG - isFound : 0
2022-10-13 16:11:02,697 - tOITe-Log - DEBUG - isFound : 0
2022-10-13 16:11:02,748 - tOITe-Log - DEBUG - isFound : 0
2022-10-13 16:11:02,789 - tOITe-Log - DEBUG - isFound : 0
2022-10-13 16:11:02,831 - tOITe-Log - DEBUG - isFound : 0
2022-10-13 16:11:02,868 - tOITe-Log - DEBUG - isFound : 0
2022-10-13 16:11:02,909 - tOITe-Log - DEBUG - isFound : 0
2022-10-13 16:11:02,949 - tOITe-Log - DEBUG - isFound : 0
2022-10-13 16:11:02,991 - tOITe-Log - DEBUG - isFound : 0
2022-10-13 16:11:03,032 - tOITe-Log - DEBUG - isFound : 0
2022-10-13 16:11:03,071 - tOITe-Log - DEBUG - isFound : 0
2022-10-13 16:11:03,109 - tOITe-Log - DEBUG - isFound : 0
2022-10-13 16:11:03,145 - tOITe-Log - DEBUG - isFound : 0
2022-10-13 16:11:03,187 - tOITe-Log - DEBUG - isFound : 0
2022-10-13 16:11:03,225 - tOITe-Log - DEBUG - isFound : 0
2022-10-13 16:11:03,267 - tOITe-Log - DEBUG - isFound : 0
2022-10-13 16:11:03,306 - tOITe-Log - DEBUG - isFound : 0
2022-10-13 16:11:03,347 - tOITe-Log - DEBUG - isFound : 0
2022-10-13 16:11:03,386 - tOITe-Log - DEBUG - isFound : 0
2022-10-13 16:11:03,427 - tOITe-Log - DEBUG - isFound : 0
2022-10-13 16:11:03,465 - tOITe-Log - DEBUG - isFound : 0
2022-10-13 16:11:03,505 - tOITe-Log - DEBUG - isFound : 0
2022-10-13 16:11:03,545 - tOITe-Log - DEBUG - isFound : 0
2022-10-13 16:11:03,590 - tOITe-Log - DEBUG - isFound : 0
2022-10-13 16:11:03,634 - tOITe-Log - DEBUG - isFound : 0
2022-10-13 16:11:03,675 - tOITe-Log - DEBUG - isFound : 0
2022-10-13 16:11:03,720 - tOITe-Log - DEBUG - isFound : 0
2022-10-13 16:11:03,759 - tOITe-Log - DEBUG - isFound : 0
2022-10-13 16:11:03,799 - tOITe-Log - DEBUG - isFound : 0
2022-10-13 16:11:03,838 - tOITe-Log - DEBUG - isFound : 0
2022-10-13 16:11:03,891 - tOITe-Log - DEBUG - isFound : 0
2022-10-13 16:11:03,937 - tOITe-Log - DEBUG - isFound : 0
2022-10-13 16:11:03,987 - tOITe-Log - DEBUG - isFound : 0
2022-10-13 16:11:04,032 - tOITe-Log - DEBUG - isFound : 0
2022-10-13 16:11:04,076 - tOITe-Log - DEBUG - isFound : 0
2022-10-13 16:11:04,122 - tOITe-Log - DEBUG - isFound : 0
2022-10-13 16:11:04,166 - tOITe-Log - DEBUG - isFound : 0
2022-10-13 16:11:04,209 - tOITe-Log - DEBUG - isFound : 0
2022-10-13 16:11:04,252 - tOITe-Log - DEBUG - isFound : 0
2022-10-13 16:11:04,292 - tOITe-Log - DEBUG - isFound : 0
2022-10-13 16:11:04,333 - tOITe-Log - DEBUG - isFound : 0
2022-10-13 16:11:04,374 - tOITe-Log - DEBUG - isFound : 0
2022-10-13 16:11:04,413 - tOITe-Log - DEBUG - isFound : 0
2022-10-13 16:11:04,451 - tOITe-Log - DEBUG - isFound : 0
2022-10-13 16:11:04,488 - tOITe-Log - DEBUG - isFound : 0
2022-10-13 16:11:04,529 - tOITe-Log - DEBUG - isFound : 0
2022-10-13 16:11:04,566 - tOITe-Log - DEBUG - isFound : 0
2022-10-13 16:11:04,612 - tOITe-Log - DEBUG - isFound : 0
2022-10-13 16:11:04,653 - tOITe-Log - DEBUG - isFound : 0
2022-10-13 16:11:04,693 - tOITe-Log - DEBUG - isFound : 0
2022-10-13 16:11:04,737 - tOITe-Log - DEBUG - isFound : 0
2022-10-13 16:11:04,777 - tOITe-Log - DEBUG - isFound : 0
2022-10-13 16:11:04,815 - tOITe-Log - DEBUG - isFound : 0
2022-10-13 16:11:04,857 - tOITe-Log - DEBUG - isFound : 0
2022-10-13 16:11:04,897 - tOITe-Log - DEBUG - isFound : 0
2022-10-13 16:11:04,936 - tOITe-Log - DEBUG - isFound : 0
2022-10-13 16:11:04,975 - tOITe-Log - DEBUG - isFound : 0
2022-10-13 16:11:05,015 - tOITe-Log - DEBUG - isFound : 0
2022-10-13 16:11:05,054 - tOITe-Log - DEBUG - isFound : 0
2022-10-13 16:11:05,094 - tOITe-Log - DEBUG - isFound : 0
2022-10-13 16:11:05,133 - tOITe-Log - DEBUG - isFound : 0
2022-10-13 16:11:05,172 - tOITe-Log - DEBUG - isFound : 0
2022-10-13 16:11:05,229 - tOITe-Log - DEBUG - isFound : 0
2022-10-13 16:11:05,281 - tOITe-Log - DEBUG - isFound : 0
2022-10-13 16:11:05,327 - tOITe-Log - DEBUG - isFound : 0
2022-10-13 16:11:05,377 - tOITe-Log - DEBUG - isFound : 0
2022-10-13 16:11:05,426 - tOITe-Log - DEBUG - isFound : 0
2022-10-13 16:11:05,472 - tOITe-Log - DEBUG - isFound : 0
2022-10-13 16:11:05,515 - tOITe-Log - DEBUG - isFound : 0
2022-10-13 16:11:05,562 - tOITe-Log - DEBUG - isFound : 0
2022-10-13 16:11:05,607 - tOITe-Log - DEBUG - isFound : 0
2022-10-13 16:11:05,647 - tOITe-Log - DEBUG - isFound : 0
2022-10-13 16:11:05,705 - tOITe-Log - DEBUG - isFound : 0
2022-10-13 16:11:05,746 - tOITe-Log - DEBUG - isFound : 0
2022-10-13 16:11:05,784 - tOITe-Log - DEBUG - isFound : 0
2022-10-13 16:11:05,824 - tOITe-Log - DEBUG - isFound : 0
2022-10-13 16:11:05,880 - tOITe-Log - DEBUG - isFound : 0
2022-10-13 16:11:05,920 - tOITe-Log - DEBUG - isFound : 0
2022-10-13 16:11:05,960 - tOITe-Log - DEBUG - isFound : 0
2022-10-13 16:11:05,994 - tOITe-Log - DEBUG - isFound : 0
2022-10-13 16:11:06,035 - tOITe-Log - DEBUG - isFound : 0
2022-10-13 16:11:06,074 - tOITe-Log - DEBUG - isFound : 0
2022-10-13 16:11:06,113 - tOITe-Log - DEBUG - isFound : 0
2022-10-13 16:11:06,154 - tOITe-Log - DEBUG - isFound : 0
2022-10-13 16:11:06,198 - tOITe-Log - DEBUG - isFound : 0
2022-10-13 16:11:06,248 - tOITe-Log - DEBUG - isFound : 0
2022-10-13 16:11:06,289 - tOITe-Log - DEBUG - isFound : 0
2022-10-13 16:11:06,328 - tOITe-Log - DEBUG - isFound : 0
2022-10-13 16:11:06,367 - tOITe-Log - DEBUG - isFound : 0
2022-10-13 16:11:06,406 - tOITe-Log - DEBUG - isFound : 0
2022-10-13 16:11:06,445 - tOITe-Log - DEBUG - isFound : 0
2022-10-13 16:11:06,484 - tOITe-Log - DEBUG - isFound : 0
2022-10-13 16:11:06,525 - tOITe-Log - DEBUG - isFound : 0
2022-10-13 16:11:06,563 - tOITe-Log - DEBUG - isFound : 0
2022-10-13 16:11:06,603 - tOITe-Log - DEBUG - isFound : 0
2022-10-13 16:11:06,642 - tOITe-Log - DEBUG - isFound : 0
2022-10-13 16:11:06,692 - tOITe-Log - DEBUG - isFound : 0
2022-10-13 16:11:06,733 - tOITe-Log - DEBUG - isFound : 0
2022-10-13 16:11:06,770 - tOITe-Log - DEBUG - isFound : 0
2022-10-13 16:11:06,811 - tOITe-Log - DEBUG - isFound : 0
2022-10-13 16:11:06,848 - tOITe-Log - DEBUG - isFound : 0
2022-10-13 16:11:06,890 - tOITe-Log - DEBUG - isFound : 0
2022-10-13 16:11:06,928 - tOITe-Log - DEBUG - isFound : 0
2022-10-13 16:11:06,967 - tOITe-Log - DEBUG - isFound : 0
2022-10-13 16:11:07,004 - tOITe-Log - DEBUG - isFound : 0
2022-10-13 16:11:07,046 - tOITe-Log - DEBUG - isFound : 0
2022-10-13 16:11:07,082 - tOITe-Log - DEBUG - isFound : 0
2022-10-13 16:11:07,123 - tOITe-Log - DEBUG - isFound : 0
2022-10-13 16:11:07,179 - tOITe-Log - DEBUG - isFound : 0
2022-10-13 16:11:07,223 - tOITe-Log - DEBUG - isFound : 0
2022-10-13 16:11:07,262 - tOITe-Log - DEBUG - isFound : 0
2022-10-13 16:11:07,300 - tOITe-Log - DEBUG - isFound : 0
2022-10-13 16:11:07,341 - tOITe-Log - DEBUG - isFound : 0
2022-10-13 16:11:07,379 - tOITe-Log - DEBUG - isFound : 0
2022-10-13 16:11:07,425 - tOITe-Log - DEBUG - isFound : 0
2022-10-13 16:11:07,463 - tOITe-Log - DEBUG - isFound : 0
2022-10-13 16:11:07,500 - tOITe-Log - DEBUG - isFound : 0
2022-10-13 16:11:07,542 - tOITe-Log - DEBUG - isFound : 0
2022-10-13 16:11:07,581 - tOITe-Log - DEBUG - isFound : 0
2022-10-13 16:11:07,622 - tOITe-Log - DEBUG - isFound : 0
2022-10-13 16:11:07,679 - tOITe-Log - DEBUG - isFound : 0
2022-10-13 16:11:07,732 - tOITe-Log - DEBUG - isFound : 0
2022-10-13 16:11:07,777 - tOITe-Log - DEBUG - isFound : 0
2022-10-13 16:11:07,816 - tOITe-Log - DEBUG - isFound : 0
2022-10-13 16:11:07,861 - tOITe-Log - DEBUG - isFound : 0
2022-10-13 16:11:07,900 - tOITe-Log - DEBUG - isFound : 0
2022-10-13 16:11:07,941 - tOITe-Log - DEBUG - isFound : 0
2022-10-13 16:11:07,981 - tOITe-Log - DEBUG - isFound : 0
2022-10-13 16:11:08,022 - tOITe-Log - DEBUG - isFound : 0
2022-10-13 16:11:08,063 - tOITe-Log - DEBUG - isFound : 0
2022-10-13 16:11:08,103 - tOITe-Log - DEBUG - isFound : 0
2022-10-13 16:11:08,144 - tOITe-Log - DEBUG - isFound : 0
2022-10-13 16:11:08,186 - tOITe-Log - DEBUG - isFound : 0
2022-10-13 16:11:08,236 - tOITe-Log - DEBUG - isFound : 0
2022-10-13 16:11:08,287 - tOITe-Log - DEBUG - isFound : 0
2022-10-13 16:11:08,331 - tOITe-Log - DEBUG - isFound : 0
2022-10-13 16:11:08,371 - tOITe-Log - DEBUG - isFound : 0
2022-10-13 16:11:08,412 - tOITe-Log - DEBUG - isFound : 0
2022-10-13 16:11:08,454 - tOITe-Log - DEBUG - isFound : 0
2022-10-13 16:11:08,495 - tOITe-Log - DEBUG - isFound : 0
2022-10-13 16:11:08,537 - tOITe-Log - DEBUG - isFound : 0
2022-10-13 16:11:08,577 - tOITe-Log - DEBUG - isFound : 0
2022-10-13 16:11:08,616 - tOITe-Log - DEBUG - isFound : 0
2022-10-13 16:11:08,657 - tOITe-Log - DEBUG - isFound : 0
2022-10-13 16:11:08,696 - tOITe-Log - DEBUG - isFound : 0
2022-10-13 16:11:08,739 - tOITe-Log - DEBUG - isFound : 0
2022-10-13 16:11:08,803 - tOITe-Log - DEBUG - isFound : 0
2022-10-13 16:11:08,956 - tOITe-Log - DEBUG - isFound : 0
2022-10-13 16:11:09,099 - tOITe-Log - DEBUG - isFound : 0
2022-10-13 16:11:09,181 - tOITe-Log - DEBUG - isFound : 0
2022-10-13 16:11:09,253 - tOITe-Log - DEBUG - isFound : 0
2022-10-13 16:11:09,332 - tOITe-Log - DEBUG - isFound : 0
2022-10-13 16:11:09,409 - tOITe-Log - DEBUG - isFound : 0
2022-10-13 16:11:09,466 - tOITe-Log - DEBUG - isFound : 0
2022-10-13 16:11:09,528 - tOITe-Log - DEBUG - isFound : 0
2022-10-13 16:11:09,575 - tOITe-Log - DEBUG - isFound : 0
2022-10-13 16:11:09,629 - tOITe-Log - DEBUG - isFound : 0
2022-10-13 16:11:09,678 - tOITe-Log - DEBUG - isFound : 0
2022-10-13 16:11:09,728 - tOITe-Log - DEBUG - isFound : 0
2022-10-13 16:11:09,780 - tOITe-Log - DEBUG - isFound : 0
2022-10-13 16:11:09,834 - tOITe-Log - DEBUG - isFound : 0
2022-10-13 16:11:09,882 - tOITe-Log - DEBUG - isFound : 0
2022-10-13 16:11:09,931 - tOITe-Log - DEBUG - isFound : 0
2022-10-13 16:11:09,987 - tOITe-Log - DEBUG - isFound : 0
2022-10-13 16:11:10,057 - tOITe-Log - DEBUG - isFound : 0
2022-10-13 16:11:10,118 - tOITe-Log - DEBUG - isFound : 0
2022-10-13 16:11:10,172 - tOITe-Log - DEBUG - isFound : 0
2022-10-13 16:11:10,244 - tOITe-Log - DEBUG - isFound : 0
2022-10-13 16:11:10,306 - tOITe-Log - DEBUG - isFound : 0
2022-10-13 16:11:10,379 - tOITe-Log - DEBUG - isFound : 0
2022-10-13 16:11:10,445 - tOITe-Log - DEBUG - isFound : 0
2022-10-13 16:11:10,500 - tOITe-Log - DEBUG - isFound : 0
2022-10-13 16:11:10,560 - tOITe-Log - DEBUG - isFound : 0
2022-10-13 16:11:10,621 - tOITe-Log - DEBUG - isFound : 0
2022-10-13 16:11:10,691 - tOITe-Log - DEBUG - isFound : 0
2022-10-13 16:11:10,750 - tOITe-Log - DEBUG - isFound : 0
2022-10-13 16:11:10,803 - tOITe-Log - DEBUG - isFound : 0
2022-10-13 16:11:10,863 - tOITe-Log - DEBUG - isFound : 0
