2022-10-13 16:09:10,394 - tOITe-Log - DEBUG - tutorial
2022-10-13 16:09:10,925 - tOITe-Log - DEBUG - Save Data:{'tutorial': 'T', 'speech': '0', 'pose': '0', 'select': '0', 'complete': '0'}
2022-10-13 16:09:10,938 - tOITe-Log - DEBUG - State Change: SELECT_GAME
2022-10-13 16:09:16,036 - tOITe-Log - DEBUG - Event : épê®êÑíË
2022-10-13 16:09:16,068 - tOITe-Log - DEBUG - State Change: POSE_Q
2022-10-13 16:09:28,358 - tOITe-Log - DEBUG - Event : POSE_Q
2022-10-13 16:09:28,369 - tOITe-Log - DEBUG - State Change: POSE_IMGPROC
2022-10-13 16:09:28,605 - tOITe-Log - DEBUG - isFound : 0
2022-10-13 16:09:28,665 - tOITe-Log - DEBUG - isFound : 0
2022-10-13 16:09:28,715 - tOITe-Log - DEBUG - isFound : 0
2022-10-13 16:09:28,767 - tOITe-Log - DEBUG - isFound : 0
2022-10-13 16:09:28,816 - tOITe-Log - DEBUG - isFound : 0
2022-10-13 16:09:28,862 - tOITe-Log - DEBUG - isFound : 0
2022-10-13 16:09:28,914 - tOITe-Log - DEBUG - isFound : 0
2022-10-13 16:09:28,967 - tOITe-Log - DEBUG - isFound : 0
2022-10-13 16:09:29,026 - tOITe-Log - DEBUG - isFound : 0
2022-10-13 16:09:29,073 - tOITe-Log - DEBUG - isFound : 0
2022-10-13 16:09:29,116 - tOITe-Log - DEBUG - isFound : 0
2022-10-13 16:09:29,166 - tOITe-Log - DEBUG - isFound : 0
2022-10-13 16:09:29,213 - tOITe-Log - DEBUG - isFound : 0
2022-10-13 16:09:29,254 - tOITe-Log - DEBUG - isFound : 0
2022-10-13 16:09:29,308 - tOITe-Log - DEBUG - isFound : 0
2022-10-13 16:09:29,355 - tOITe-Log - DEBUG - isFound : 0
2022-10-13 16:09:29,417 - tOITe-Log - DEBUG - isFound : 0
2022-10-13 16:09:29,463 - tOITe-Log - DEBUG - isFound : 0
2022-10-13 16:09:29,511 - tOITe-Log - DEBUG - isFound : 0
2022-10-13 16:09:29,556 - tOITe-Log - DEBUG - isFound : 0
2022-10-13 16:09:29,602 - tOITe-Log - DEBUG - isFound : 0
2022-10-13 16:09:29,650 - tOITe-Log - DEBUG - isFound : 0
2022-10-13 16:09:29,697 - tOITe-Log - DEBUG - isFound : 0
2022-10-13 16:09:29,743 - tOITe-Log - DEBUG - isFound : 0
2022-10-13 16:09:29,794 - tOITe-Log - DEBUG - isFound : 0
2022-10-13 16:09:29,834 - tOITe-Log - DEBUG - isFound : 0
2022-10-13 16:09:29,873 - tOITe-Log - DEBUG - isFound : 0
2022-10-13 16:09:29,914 - tOITe-Log - DEBUG - isFound : 0
2022-10-13 16:09:29,953 - tOITe-Log - DEBUG - isFound : 0
2022-10-13 16:09:29,993 - tOITe-Log - DEBUG - isFound : 0
2022-10-13 16:09:30,044 - tOITe-Log - DEBUG - isFound : 0
2022-10-13 16:09:30,091 - tOITe-Log - DEBUG - isFound : 0
2022-10-13 16:09:30,141 - tOITe-Log - DEBUG - isFound : 0
2022-10-13 16:09:30,195 - tOITe-Log - DEBUG - isFound : 0
2022-10-13 16:09:30,240 - tOITe-Log - DEBUG - isFound : 0
2022-10-13 16:09:30,287 - tOITe-Log - DEBUG - isFound : 0
2022-10-13 16:09:30,333 - tOITe-Log - DEBUG - isFound : 0
2022-10-13 16:09:30,377 - tOITe-Log - DEBUG - isFound : 0
2022-10-13 16:09:30,424 - tOITe-Log - DEBUG - isFound : 0
2022-10-13 16:09:30,471 - tOITe-Log - DEBUG - isFound : 0
2022-10-13 16:09:30,517 - tOITe-Log - DEBUG - isFound : 0
2022-10-13 16:09:30,559 - tOITe-Log - DEBUG - isFound : 0
2022-10-13 16:09:30,599 - tOITe-Log - DEBUG - isFound : 0
2022-10-13 16:09:30,639 - tOITe-Log - DEBUG - isFound : 0
2022-10-13 16:09:30,677 - tOITe-Log - DEBUG - isFound : 0
2022-10-13 16:09:30,716 - tOITe-Log - DEBUG - isFound : 0
2022-10-13 16:09:30,755 - tOITe-Log - DEBUG - isFound : 0
2022-10-13 16:09:30,791 - tOITe-Log - DEBUG - isFound : 0
2022-10-13 16:09:30,834 - tOITe-Log - DEBUG - isFound : 0
2022-10-13 16:09:30,872 - tOITe-Log - DEBUG - isFound : 0
2022-10-13 16:09:30,910 - tOITe-Log - DEBUG - isFound : 0
2022-10-13 16:09:30,952 - tOITe-Log - DEBUG - isFound : 0
2022-10-13 16:09:30,989 - tOITe-Log - DEBUG - isFound : 0
2022-10-13 16:09:31,029 - tOITe-Log - DEBUG - isFound : 0
2022-10-13 16:09:31,069 - tOITe-Log - DEBUG - isFound : 0
2022-10-13 16:09:31,107 - tOITe-Log - DEBUG - isFound : 0
2022-10-13 16:09:31,147 - tOITe-Log - DEBUG - isFound : 0
2022-10-13 16:09:31,185 - tOITe-Log - DEBUG - isFound : 0
2022-10-13 16:09:31,225 - tOITe-Log - DEBUG - isFound : 0
2022-10-13 16:09:31,264 - tOITe-Log - DEBUG - isFound : 0
2022-10-13 16:09:31,304 - tOITe-Log - DEBUG - isFound : 0
2022-10-13 16:09:31,341 - tOITe-Log - DEBUG - isFound : 0
2022-10-13 16:09:31,382 - tOITe-Log - DEBUG - isFound : 0
2022-10-13 16:09:31,421 - tOITe-Log - DEBUG - isFound : 0
2022-10-13 16:09:31,460 - tOITe-Log - DEBUG - isFound : 0
2022-10-13 16:09:31,498 - tOITe-Log - DEBUG - isFound : 0
2022-10-13 16:09:31,539 - tOITe-Log - DEBUG - isFound : 0
2022-10-13 16:09:31,576 - tOITe-Log - DEBUG - isFound : 0
2022-10-13 16:09:31,616 - tOITe-Log - DEBUG - isFound : 0
2022-10-13 16:09:31,653 - tOITe-Log - DEBUG - isFound : 0
2022-10-13 16:09:31,692 - tOITe-Log - DEBUG - isFound : 0
2022-10-13 16:09:31,731 - tOITe-Log - DEBUG - isFound : 0
2022-10-13 16:09:31,770 - tOITe-Log - DEBUG - isFound : 0
2022-10-13 16:09:31,808 - tOITe-Log - DEBUG - isFound : 0
2022-10-13 16:09:31,847 - tOITe-Log - DEBUG - isFound : 0
2022-10-13 16:09:31,887 - tOITe-Log - DEBUG - isFound : 0
2022-10-13 16:09:31,927 - tOITe-Log - DEBUG - isFound : 0
2022-10-13 16:09:31,969 - tOITe-Log - DEBUG - isFound : 0
2022-10-13 16:09:32,008 - tOITe-Log - DEBUG - isFound : 0
2022-10-13 16:09:32,046 - tOITe-Log - DEBUG - isFound : 0
2022-10-13 16:09:32,086 - tOITe-Log - DEBUG - isFound : 0
2022-10-13 16:09:32,124 - tOITe-Log - DEBUG - isFound : 0
2022-10-13 16:09:32,163 - tOITe-Log - DEBUG - isFound : 0
2022-10-13 16:09:32,202 - tOITe-Log - DEBUG - isFound : 0
2022-10-13 16:09:32,240 - tOITe-Log - DEBUG - isFound : 0
2022-10-13 16:09:32,280 - tOITe-Log - DEBUG - isFound : 0
2022-10-13 16:09:32,329 - tOITe-Log - DEBUG - isFound : 0
2022-10-13 16:09:32,373 - tOITe-Log - DEBUG - isFound : 0
2022-10-13 16:09:32,412 - tOITe-Log - DEBUG - isFound : 0
2022-10-13 16:09:32,453 - tOITe-Log - DEBUG - isFound : 0
2022-10-13 16:09:32,491 - tOITe-Log - DEBUG - isFound : 0
2022-10-13 16:09:32,530 - tOITe-Log - DEBUG - isFound : 0
2022-10-13 16:09:32,571 - tOITe-Log - DEBUG - isFound : 0
2022-10-13 16:09:32,609 - tOITe-Log - DEBUG - isFound : 0
2022-10-13 16:09:32,648 - tOITe-Log - DEBUG - isFound : 0
2022-10-13 16:09:32,693 - tOITe-Log - DEBUG - isFound : 0
2022-10-13 16:09:32,734 - tOITe-Log - DEBUG - isFound : 0
2022-10-13 16:09:32,771 - tOITe-Log - DEBUG - isFound : 0
2022-10-13 16:09:32,811 - tOITe-Log - DEBUG - isFound : 0
2022-10-13 16:09:32,849 - tOITe-Log - DEBUG - isFound : 0
2022-10-13 16:09:32,890 - tOITe-Log - DEBUG - isFound : 0
2022-10-13 16:09:32,929 - tOITe-Log - DEBUG - isFound : 0
2022-10-13 16:09:32,968 - tOITe-Log - DEBUG - isFound : 0
2022-10-13 16:09:33,005 - tOITe-Log - DEBUG - isFound : 0
2022-10-13 16:09:33,044 - tOITe-Log - DEBUG - isFound : 0
2022-10-13 16:09:33,083 - tOITe-Log - DEBUG - isFound : 0
2022-10-13 16:09:33,122 - tOITe-Log - DEBUG - isFound : 0
2022-10-13 16:09:33,161 - tOITe-Log - DEBUG - isFound : 0
2022-10-13 16:09:33,202 - tOITe-Log - DEBUG - isFound : 0
2022-10-13 16:09:33,243 - tOITe-Log - DEBUG - isFound : 0
2022-10-13 16:09:33,281 - tOITe-Log - DEBUG - isFound : 0
2022-10-13 16:09:33,320 - tOITe-Log - DEBUG - isFound : 0
2022-10-13 16:09:33,358 - tOITe-Log - DEBUG - isFound : 0
2022-10-13 16:09:33,398 - tOITe-Log - DEBUG - isFound : 0
2022-10-13 16:09:33,436 - tOITe-Log - DEBUG - isFound : 0
2022-10-13 16:09:33,475 - tOITe-Log - DEBUG - isFound : 0
2022-10-13 16:09:33,513 - tOITe-Log - DEBUG - isFound : 0
2022-10-13 16:09:33,552 - tOITe-Log - DEBUG - isFound : 0
2022-10-13 16:09:33,585 - tOITe-Log - DEBUG - isFound : 0
2022-10-13 16:09:33,625 - tOITe-Log - DEBUG - isFound : 0
2022-10-13 16:09:33,665 - tOITe-Log - DEBUG - isFound : 0
2022-10-13 16:09:33,703 - tOITe-Log - DEBUG - isFound : 0
2022-10-13 16:09:33,755 - tOITe-Log - DEBUG - isFound : 0
2022-10-13 16:09:33,802 - tOITe-Log - DEBUG - isFound : 0
2022-10-13 16:09:33,849 - tOITe-Log - DEBUG - isFound : 0
2022-10-13 16:09:33,896 - tOITe-Log - DEBUG - isFound : 0
2022-10-13 16:09:33,945 - tOITe-Log - DEBUG - isFound : 0
2022-10-13 16:09:33,992 - tOITe-Log - DEBUG - isFound : 0
2022-10-13 16:09:34,038 - tOITe-Log - DEBUG - isFound : 0
2022-10-13 16:09:34,081 - tOITe-Log - DEBUG - isFound : 0
2022-10-13 16:09:34,125 - tOITe-Log - DEBUG - isFound : 0
2022-10-13 16:09:34,167 - tOITe-Log - DEBUG - isFound : 0
2022-10-13 16:09:34,206 - tOITe-Log - DEBUG - isFound : 0
2022-10-13 16:09:34,245 - tOITe-Log - DEBUG - isFound : 0
2022-10-13 16:09:34,282 - tOITe-Log - DEBUG - isFound : 0
2022-10-13 16:09:34,322 - tOITe-Log - DEBUG - isFound : 0
2022-10-13 16:09:34,362 - tOITe-Log - DEBUG - isFound : 0
2022-10-13 16:09:34,404 - tOITe-Log - DEBUG - isFound : 0
2022-10-13 16:09:34,444 - tOITe-Log - DEBUG - isFound : 0
2022-10-13 16:09:34,482 - tOITe-Log - DEBUG - isFound : 0
2022-10-13 16:09:34,522 - tOITe-Log - DEBUG - isFound : 0
2022-10-13 16:09:34,560 - tOITe-Log - DEBUG - isFound : 0
2022-10-13 16:09:34,603 - tOITe-Log - DEBUG - isFound : 0
2022-10-13 16:09:34,641 - tOITe-Log - DEBUG - isFound : 0
2022-10-13 16:09:34,682 - tOITe-Log - DEBUG - isFound : 0
2022-10-13 16:09:34,722 - tOITe-Log - DEBUG - isFound : 0
2022-10-13 16:09:34,763 - tOITe-Log - DEBUG - isFound : 0
2022-10-13 16:09:34,801 - tOITe-Log - DEBUG - isFound : 0
2022-10-13 16:09:34,838 - tOITe-Log - DEBUG - isFound : 0
2022-10-13 16:09:34,877 - tOITe-Log - DEBUG - isFound : 0
2022-10-13 16:09:34,918 - tOITe-Log - DEBUG - isFound : 0
2022-10-13 16:09:34,955 - tOITe-Log - DEBUG - isFound : 0
2022-10-13 16:09:34,996 - tOITe-Log - DEBUG - isFound : 0
2022-10-13 16:09:35,043 - tOITe-Log - DEBUG - isFound : 0
2022-10-13 16:09:35,091 - tOITe-Log - DEBUG - isFound : 0
2022-10-13 16:09:35,139 - tOITe-Log - DEBUG - isFound : 0
2022-10-13 16:09:35,184 - tOITe-Log - DEBUG - isFound : 0
2022-10-13 16:09:35,231 - tOITe-Log - DEBUG - isFound : 0
2022-10-13 16:09:35,275 - tOITe-Log - DEBUG - isFound : 0
2022-10-13 16:09:35,321 - tOITe-Log - DEBUG - isFound : 0
2022-10-13 16:09:35,368 - tOITe-Log - DEBUG - isFound : 0
2022-10-13 16:09:35,416 - tOITe-Log - DEBUG - isFound : 0
2022-10-13 16:09:35,455 - tOITe-Log - DEBUG - isFound : 0
2022-10-13 16:09:35,494 - tOITe-Log - DEBUG - isFound : 0
2022-10-13 16:09:35,531 - tOITe-Log - DEBUG - isFound : 0
2022-10-13 16:09:35,567 - tOITe-Log - DEBUG - isFound : 0
2022-10-13 16:09:35,606 - tOITe-Log - DEBUG - isFound : 0
2022-10-13 16:09:35,644 - tOITe-Log - DEBUG - isFound : 0
2022-10-13 16:09:35,683 - tOITe-Log - DEBUG - isFound : 0
2022-10-13 16:09:35,723 - tOITe-Log - DEBUG - isFound : 0
2022-10-13 16:09:35,762 - tOITe-Log - DEBUG - isFound : 0
2022-10-13 16:09:35,801 - tOITe-Log - DEBUG - isFound : 0
2022-10-13 16:09:35,838 - tOITe-Log - DEBUG - isFound : 0
2022-10-13 16:09:35,879 - tOITe-Log - DEBUG - isFound : 0
2022-10-13 16:09:35,916 - tOITe-Log - DEBUG - isFound : 0
2022-10-13 16:09:35,958 - tOITe-Log - DEBUG - isFound : 0
2022-10-13 16:09:35,996 - tOITe-Log - DEBUG - isFound : 0
2022-10-13 16:09:36,035 - tOITe-Log - DEBUG - isFound : 0
2022-10-13 16:09:36,073 - tOITe-Log - DEBUG - isFound : 0
2022-10-13 16:09:36,117 - tOITe-Log - DEBUG - isFound : 0
2022-10-13 16:09:36,163 - tOITe-Log - DEBUG - isFound : 0
2022-10-13 16:09:36,204 - tOITe-Log - DEBUG - isFound : 0
2022-10-13 16:09:36,244 - tOITe-Log - DEBUG - isFound : 0
2022-10-13 16:09:36,285 - tOITe-Log - DEBUG - isFound : 0
2022-10-13 16:09:36,323 - tOITe-Log - DEBUG - isFound : 0
2022-10-13 16:09:36,361 - tOITe-Log - DEBUG - isFound : 0
2022-10-13 16:09:36,429 - tOITe-Log - DEBUG - isFound : 0
2022-10-13 16:09:36,478 - tOITe-Log - DEBUG - isFound : 0
2022-10-13 16:09:36,516 - tOITe-Log - DEBUG - isFound : 0
2022-10-13 16:09:36,551 - tOITe-Log - DEBUG - isFound : 0
2022-10-13 16:09:36,590 - tOITe-Log - DEBUG - isFound : 0
2022-10-13 16:09:36,634 - tOITe-Log - DEBUG - isFound : 0
2022-10-13 16:09:36,672 - tOITe-Log - DEBUG - isFound : 0
2022-10-13 16:09:36,713 - tOITe-Log - DEBUG - isFound : 0
2022-10-13 16:09:36,752 - tOITe-Log - DEBUG - isFound : 0
2022-10-13 16:09:36,792 - tOITe-Log - DEBUG - isFound : 0
2022-10-13 16:09:36,830 - tOITe-Log - DEBUG - isFound : 0
2022-10-13 16:09:36,871 - tOITe-Log - DEBUG - isFound : 0
2022-10-13 16:09:36,908 - tOITe-Log - DEBUG - isFound : 0
2022-10-13 16:09:36,946 - tOITe-Log - DEBUG - isFound : 0
2022-10-13 16:09:36,984 - tOITe-Log - DEBUG - isFound : 0
2022-10-13 16:09:37,023 - tOITe-Log - DEBUG - isFound : 0
2022-10-13 16:09:37,060 - tOITe-Log - DEBUG - isFound : 0
2022-10-13 16:09:37,101 - tOITe-Log - DEBUG - isFound : 0
2022-10-13 16:09:37,138 - tOITe-Log - DEBUG - isFound : 0
2022-10-13 16:09:37,179 - tOITe-Log - DEBUG - isFound : 0
2022-10-13 16:09:37,218 - tOITe-Log - DEBUG - isFound : 0
2022-10-13 16:09:37,255 - tOITe-Log - DEBUG - isFound : 0
2022-10-13 16:09:37,293 - tOITe-Log - DEBUG - isFound : 0
2022-10-13 16:09:37,332 - tOITe-Log - DEBUG - isFound : 0
2022-10-13 16:09:37,374 - tOITe-Log - DEBUG - isFound : 0
2022-10-13 16:09:37,412 - tOITe-Log - DEBUG - isFound : 0
2022-10-13 16:09:37,453 - tOITe-Log - DEBUG - isFound : 0
2022-10-13 16:09:37,491 - tOITe-Log - DEBUG - isFound : 0
2022-10-13 16:09:37,529 - tOITe-Log - DEBUG - isFound : 0
2022-10-13 16:09:37,570 - tOITe-Log - DEBUG - isFound : 0
2022-10-13 16:09:37,609 - tOITe-Log - DEBUG - isFound : 0
2022-10-13 16:09:37,647 - tOITe-Log - DEBUG - isFound : 0
2022-10-13 16:09:37,686 - tOITe-Log - DEBUG - isFound : 0
2022-10-13 16:09:37,723 - tOITe-Log - DEBUG - isFound : 0
2022-10-13 16:09:37,763 - tOITe-Log - DEBUG - isFound : 0
2022-10-13 16:09:37,802 - tOITe-Log - DEBUG - isFound : 0
2022-10-13 16:09:37,842 - tOITe-Log - DEBUG - isFound : 0
2022-10-13 16:09:37,879 - tOITe-Log - DEBUG - isFound : 0
2022-10-13 16:09:37,915 - tOITe-Log - DEBUG - isFound : 0
2022-10-13 16:09:37,956 - tOITe-Log - DEBUG - isFound : 0
2022-10-13 16:09:37,994 - tOITe-Log - DEBUG - isFound : 0
2022-10-13 16:09:38,033 - tOITe-Log - DEBUG - isFound : 0
2022-10-13 16:09:38,076 - tOITe-Log - DEBUG - isFound : 0
2022-10-13 16:09:38,116 - tOITe-Log - DEBUG - isFound : 0
2022-10-13 16:09:38,156 - tOITe-Log - DEBUG - isFound : 0
2022-10-13 16:09:38,194 - tOITe-Log - DEBUG - isFound : 0
2022-10-13 16:09:38,231 - tOITe-Log - DEBUG - isFound : 0
2022-10-13 16:09:38,269 - tOITe-Log - DEBUG - isFound : 0
2022-10-13 16:09:38,307 - tOITe-Log - DEBUG - isFound : 0
2022-10-13 16:09:38,345 - tOITe-Log - DEBUG - isFound : 0
2022-10-13 16:09:38,384 - tOITe-Log - DEBUG - isFound : 0
2022-10-13 16:09:38,425 - tOITe-Log - DEBUG - isFound : 0
2022-10-13 16:09:38,465 - tOITe-Log - DEBUG - isFound : 0
2022-10-13 16:09:38,502 - tOITe-Log - DEBUG - isFound : 0
2022-10-13 16:09:38,550 - tOITe-Log - DEBUG - isFound : 0
2022-10-13 16:09:38,587 - tOITe-Log - DEBUG - isFound : 0
2022-10-13 16:09:38,625 - tOITe-Log - DEBUG - isFound : 0
2022-10-13 16:09:38,665 - tOITe-Log - DEBUG - isFound : 0
2022-10-13 16:09:38,705 - tOITe-Log - DEBUG - isFound : 0
2022-10-13 16:09:38,757 - tOITe-Log - DEBUG - isFound : 0
2022-10-13 16:09:38,805 - tOITe-Log - DEBUG - isFound : 0
2022-10-13 16:09:38,853 - tOITe-Log - DEBUG - isFound : 0
2022-10-13 16:09:38,900 - tOITe-Log - DEBUG - isFound : 0
2022-10-13 16:09:38,943 - tOITe-Log - DEBUG - isFound : 0
2022-10-13 16:09:38,987 - tOITe-Log - DEBUG - isFound : 0
2022-10-13 16:09:39,035 - tOITe-Log - DEBUG - isFound : 0
2022-10-13 16:09:39,080 - tOITe-Log - DEBUG - isFound : 0
2022-10-13 16:09:39,126 - tOITe-Log - DEBUG - isFound : 0
2022-10-13 16:09:39,166 - tOITe-Log - DEBUG - isFound : 0
2022-10-13 16:09:39,201 - tOITe-Log - DEBUG - isFound : 0
2022-10-13 16:09:39,246 - tOITe-Log - DEBUG - isFound : 0
2022-10-13 16:09:39,285 - tOITe-Log - DEBUG - isFound : 0
2022-10-13 16:09:39,327 - tOITe-Log - DEBUG - isFound : 0
2022-10-13 16:09:39,365 - tOITe-Log - DEBUG - isFound : 0
2022-10-13 16:09:39,411 - tOITe-Log - DEBUG - isFound : 0
2022-10-13 16:09:39,450 - tOITe-Log - DEBUG - isFound : 0
2022-10-13 16:09:39,511 - tOITe-Log - DEBUG - isFound : 0
2022-10-13 16:09:39,556 - tOITe-Log - DEBUG - isFound : 0
2022-10-13 16:09:39,596 - tOITe-Log - DEBUG - isFound : 0
2022-10-13 16:09:39,656 - tOITe-Log - DEBUG - isFound : 0
2022-10-13 16:09:39,697 - tOITe-Log - DEBUG - isFound : 0
2022-10-13 16:09:39,736 - tOITe-Log - DEBUG - isFound : 0
2022-10-13 16:09:39,777 - tOITe-Log - DEBUG - isFound : 0
2022-10-13 16:09:39,815 - tOITe-Log - DEBUG - isFound : 0
2022-10-13 16:09:39,862 - tOITe-Log - DEBUG - isFound : 0
2022-10-13 16:09:39,900 - tOITe-Log - DEBUG - isFound : 0
2022-10-13 16:09:39,940 - tOITe-Log - DEBUG - isFound : 0
2022-10-13 16:09:39,979 - tOITe-Log - DEBUG - isFound : 0
2022-10-13 16:09:40,021 - tOITe-Log - DEBUG - isFound : 0
2022-10-13 16:09:40,070 - tOITe-Log - DEBUG - isFound : 0
2022-10-13 16:09:40,119 - tOITe-Log - DEBUG - isFound : 0
2022-10-13 16:09:40,169 - tOITe-Log - DEBUG - isFound : 0
2022-10-13 16:09:40,213 - tOITe-Log - DEBUG - isFound : 0
2022-10-13 16:09:40,259 - tOITe-Log - DEBUG - isFound : 0
2022-10-13 16:09:40,304 - tOITe-Log - DEBUG - isFound : 0
2022-10-13 16:09:40,349 - tOITe-Log - DEBUG - isFound : 0
2022-10-13 16:09:40,397 - tOITe-Log - DEBUG - isFound : 0
2022-10-13 16:09:40,443 - tOITe-Log - DEBUG - isFound : 0
2022-10-13 16:09:40,482 - tOITe-Log - DEBUG - isFound : 0
2022-10-13 16:09:40,522 - tOITe-Log - DEBUG - isFound : 0
2022-10-13 16:09:40,563 - tOITe-Log - DEBUG - isFound : 0
2022-10-13 16:09:40,599 - tOITe-Log - DEBUG - isFound : 0
2022-10-13 16:09:40,634 - tOITe-Log - DEBUG - isFound : 0
2022-10-13 16:09:40,672 - tOITe-Log - DEBUG - isFound : 0
2022-10-13 16:09:40,715 - tOITe-Log - DEBUG - isFound : 0
2022-10-13 16:09:40,767 - tOITe-Log - DEBUG - isFound : 0
2022-10-13 16:09:40,809 - tOITe-Log - DEBUG - isFound : 0
2022-10-13 16:09:40,848 - tOITe-Log - DEBUG - isFound : 0
2022-10-13 16:09:40,888 - tOITe-Log - DEBUG - isFound : 0
2022-10-13 16:09:40,927 - tOITe-Log - DEBUG - isFound : 0
2022-10-13 16:09:40,962 - tOITe-Log - DEBUG - isFound : 0
2022-10-13 16:09:41,000 - tOITe-Log - DEBUG - isFound : 0
2022-10-13 16:09:41,037 - tOITe-Log - DEBUG - isFound : 0
2022-10-13 16:09:41,078 - tOITe-Log - DEBUG - isFound : 0
2022-10-13 16:09:41,117 - tOITe-Log - DEBUG - isFound : 0
2022-10-13 16:09:41,155 - tOITe-Log - DEBUG - isFound : 0
2022-10-13 16:09:41,195 - tOITe-Log - DEBUG - isFound : 0
2022-10-13 16:09:41,232 - tOITe-Log - DEBUG - isFound : 0
2022-10-13 16:09:41,271 - tOITe-Log - DEBUG - isFound : 0
2022-10-13 16:09:41,310 - tOITe-Log - DEBUG - isFound : 0
2022-10-13 16:09:41,348 - tOITe-Log - DEBUG - isFound : 0
2022-10-13 16:09:41,387 - tOITe-Log - DEBUG - isFound : 0
2022-10-13 16:09:41,425 - tOITe-Log - DEBUG - isFound : 0
2022-10-13 16:09:41,465 - tOITe-Log - DEBUG - isFound : 0
2022-10-13 16:09:41,504 - tOITe-Log - DEBUG - isFound : 0
2022-10-13 16:09:41,543 - tOITe-Log - DEBUG - isFound : 0
2022-10-13 16:09:41,583 - tOITe-Log - DEBUG - isFound : 0
2022-10-13 16:09:41,622 - tOITe-Log - DEBUG - isFound : 0
2022-10-13 16:09:41,659 - tOITe-Log - DEBUG - isFound : 0
2022-10-13 16:09:41,697 - tOITe-Log - DEBUG - isFound : 0
2022-10-13 16:09:41,740 - tOITe-Log - DEBUG - isFound : 0
2022-10-13 16:09:41,779 - tOITe-Log - DEBUG - isFound : 0
2022-10-13 16:09:41,819 - tOITe-Log - DEBUG - isFound : 0
2022-10-13 16:09:41,861 - tOITe-Log - DEBUG - isFound : 0
2022-10-13 16:09:41,902 - tOITe-Log - DEBUG - isFound : 0
2022-10-13 16:09:41,940 - tOITe-Log - DEBUG - isFound : 0
2022-10-13 16:09:41,980 - tOITe-Log - DEBUG - isFound : 0
2022-10-13 16:09:42,018 - tOITe-Log - DEBUG - isFound : 0
2022-10-13 16:09:42,058 - tOITe-Log - DEBUG - isFound : 0
2022-10-13 16:09:42,095 - tOITe-Log - DEBUG - isFound : 0
2022-10-13 16:09:42,134 - tOITe-Log - DEBUG - isFound : 0
2022-10-13 16:09:42,172 - tOITe-Log - DEBUG - isFound : 0
2022-10-13 16:09:42,211 - tOITe-Log - DEBUG - isFound : 0
2022-10-13 16:09:42,269 - tOITe-Log - DEBUG - isFound : 0
2022-10-13 16:09:42,309 - tOITe-Log - DEBUG - isFound : 0
2022-10-13 16:09:42,347 - tOITe-Log - DEBUG - isFound : 0
2022-10-13 16:09:42,389 - tOITe-Log - DEBUG - isFound : 0
2022-10-13 16:09:42,429 - tOITe-Log - DEBUG - isFound : 0
2022-10-13 16:09:42,467 - tOITe-Log - DEBUG - isFound : 0
2022-10-13 16:09:42,504 - tOITe-Log - DEBUG - isFound : 0
2022-10-13 16:09:42,545 - tOITe-Log - DEBUG - isFound : 0
2022-10-13 16:09:42,583 - tOITe-Log - DEBUG - isFound : 0
2022-10-13 16:09:42,623 - tOITe-Log - DEBUG - isFound : 0
2022-10-13 16:09:42,662 - tOITe-Log - DEBUG - isFound : 0
2022-10-13 16:09:42,703 - tOITe-Log - DEBUG - isFound : 0
2022-10-13 16:09:42,742 - tOITe-Log - DEBUG - isFound : 0
2022-10-13 16:09:42,778 - tOITe-Log - DEBUG - isFound : 0
2022-10-13 16:09:42,818 - tOITe-Log - DEBUG - isFound : 0
2022-10-13 16:09:42,858 - tOITe-Log - DEBUG - isFound : 0
2022-10-13 16:09:42,897 - tOITe-Log - DEBUG - isFound : 0
2022-10-13 16:09:42,938 - tOITe-Log - DEBUG - isFound : 0
2022-10-13 16:09:42,976 - tOITe-Log - DEBUG - isFound : 0
2022-10-13 16:09:43,013 - tOITe-Log - DEBUG - isFound : 0
2022-10-13 16:09:43,052 - tOITe-Log - DEBUG - isFound : 0
2022-10-13 16:09:43,094 - tOITe-Log - DEBUG - isFound : 0
2022-10-13 16:09:43,133 - tOITe-Log - DEBUG - isFound : 0
2022-10-13 16:09:43,172 - tOITe-Log - DEBUG - isFound : 0
2022-10-13 16:09:43,212 - tOITe-Log - DEBUG - isFound : 0
2022-10-13 16:09:43,250 - tOITe-Log - DEBUG - isFound : 0
2022-10-13 16:09:43,288 - tOITe-Log - DEBUG - isFound : 0
2022-10-13 16:09:43,334 - tOITe-Log - DEBUG - isFound : 0
2022-10-13 16:09:43,374 - tOITe-Log - DEBUG - isFound : 0
2022-10-13 16:09:43,412 - tOITe-Log - DEBUG - isFound : 0
2022-10-13 16:09:43,453 - tOITe-Log - DEBUG - isFound : 0
2022-10-13 16:09:43,492 - tOITe-Log - DEBUG - isFound : 0
2022-10-13 16:09:43,531 - tOITe-Log - DEBUG - isFound : 0
2022-10-13 16:09:43,568 - tOITe-Log - DEBUG - isFound : 0
2022-10-13 16:09:43,607 - tOITe-Log - DEBUG - isFound : 0
2022-10-13 16:09:43,644 - tOITe-Log - DEBUG - isFound : 0
2022-10-13 16:09:43,684 - tOITe-Log - DEBUG - isFound : 0
2022-10-13 16:09:43,723 - tOITe-Log - DEBUG - isFound : 0
2022-10-13 16:09:43,773 - tOITe-Log - DEBUG - isFound : 0
2022-10-13 16:09:43,820 - tOITe-Log - DEBUG - isFound : 0
2022-10-13 16:09:43,866 - tOITe-Log - DEBUG - isFound : 0
2022-10-13 16:09:43,914 - tOITe-Log - DEBUG - isFound : 0
2022-10-13 16:09:43,963 - tOITe-Log - DEBUG - isFound : 0
2022-10-13 16:09:44,007 - tOITe-Log - DEBUG - isFound : 0
2022-10-13 16:09:44,055 - tOITe-Log - DEBUG - isFound : 0
2022-10-13 16:09:44,101 - tOITe-Log - DEBUG - isFound : 0
2022-10-13 16:09:44,144 - tOITe-Log - DEBUG - isFound : 0
2022-10-13 16:09:44,184 - tOITe-Log - DEBUG - isFound : 0
2022-10-13 16:09:44,223 - tOITe-Log - DEBUG - isFound : 0
2022-10-13 16:09:44,261 - tOITe-Log - DEBUG - isFound : 0
2022-10-13 16:09:44,301 - tOITe-Log - DEBUG - isFound : 0
2022-10-13 16:09:44,341 - tOITe-Log - DEBUG - isFound : 0
2022-10-13 16:09:44,380 - tOITe-Log - DEBUG - isFound : 0
2022-10-13 16:09:44,422 - tOITe-Log - DEBUG - isFound : 0
2022-10-13 16:09:44,462 - tOITe-Log - DEBUG - isFound : 0
2022-10-13 16:09:44,498 - tOITe-Log - DEBUG - isFound : 0
2022-10-13 16:09:44,539 - tOITe-Log - DEBUG - isFound : 0
2022-10-13 16:09:44,576 - tOITe-Log - DEBUG - isFound : 0
2022-10-13 16:09:44,615 - tOITe-Log - DEBUG - isFound : 0
2022-10-13 16:09:44,653 - tOITe-Log - DEBUG - isFound : 0
2022-10-13 16:09:44,690 - tOITe-Log - DEBUG - isFound : 0
2022-10-13 16:09:44,729 - tOITe-Log - DEBUG - isFound : 0
2022-10-13 16:09:44,767 - tOITe-Log - DEBUG - isFound : 0
2022-10-13 16:09:44,808 - tOITe-Log - DEBUG - isFound : 0
2022-10-13 16:09:44,847 - tOITe-Log - DEBUG - isFound : 0
2022-10-13 16:09:44,886 - tOITe-Log - DEBUG - isFound : 0
2022-10-13 16:09:44,925 - tOITe-Log - DEBUG - isFound : 0
2022-10-13 16:09:44,964 - tOITe-Log - DEBUG - isFound : 0
2022-10-13 16:09:45,002 - tOITe-Log - DEBUG - isFound : 0
2022-10-13 16:09:45,047 - tOITe-Log - DEBUG - isFound : 0
2022-10-13 16:09:45,098 - tOITe-Log - DEBUG - isFound : 0
2022-10-13 16:09:45,150 - tOITe-Log - DEBUG - isFound : 0
2022-10-13 16:09:45,198 - tOITe-Log - DEBUG - isFound : 0
2022-10-13 16:09:45,244 - tOITe-Log - DEBUG - isFound : 0
2022-10-13 16:09:45,296 - tOITe-Log - DEBUG - isFound : 0
2022-10-13 16:09:45,343 - tOITe-Log - DEBUG - isFound : 0
2022-10-13 16:09:45,389 - tOITe-Log - DEBUG - isFound : 0
2022-10-13 16:09:45,436 - tOITe-Log - DEBUG - isFound : 0
2022-10-13 16:09:45,477 - tOITe-Log - DEBUG - isFound : 0
2022-10-13 16:09:45,549 - tOITe-Log - DEBUG - isFound : 0
2022-10-13 16:09:45,590 - tOITe-Log - DEBUG - isFound : 0
2022-10-13 16:09:45,642 - tOITe-Log - DEBUG - isFound : 0
2022-10-13 16:09:45,680 - tOITe-Log - DEBUG - isFound : 0
2022-10-13 16:09:45,717 - tOITe-Log - DEBUG - isFound : 0
2022-10-13 16:09:45,756 - tOITe-Log - DEBUG - isFound : 0
2022-10-13 16:09:45,794 - tOITe-Log - DEBUG - isFound : 0
2022-10-13 16:09:45,832 - tOITe-Log - DEBUG - isFound : 0
2022-10-13 16:09:45,880 - tOITe-Log - DEBUG - isFound : 0
2022-10-13 16:09:45,920 - tOITe-Log - DEBUG - isFound : 0
2022-10-13 16:09:45,959 - tOITe-Log - DEBUG - isFound : 0
2022-10-13 16:09:45,999 - tOITe-Log - DEBUG - isFound : 0
2022-10-13 16:09:46,036 - tOITe-Log - DEBUG - isFound : 0
2022-10-13 16:09:46,077 - tOITe-Log - DEBUG - isFound : 0
2022-10-13 16:09:46,121 - tOITe-Log - DEBUG - isFound : 0
2022-10-13 16:09:46,169 - tOITe-Log - DEBUG - isFound : 0
2022-10-13 16:09:46,206 - tOITe-Log - DEBUG - isFound : 0
2022-10-13 16:09:46,249 - tOITe-Log - DEBUG - isFound : 0
2022-10-13 16:09:46,287 - tOITe-Log - DEBUG - isFound : 0
2022-10-13 16:09:46,326 - tOITe-Log - DEBUG - isFound : 0
2022-10-13 16:09:46,362 - tOITe-Log - DEBUG - isFound : 0
2022-10-13 16:09:46,398 - tOITe-Log - DEBUG - isFound : 0
2022-10-13 16:09:46,435 - tOITe-Log - DEBUG - isFound : 0
2022-10-13 16:09:46,476 - tOITe-Log - DEBUG - isFound : 0
2022-10-13 16:09:46,516 - tOITe-Log - DEBUG - isFound : 0
2022-10-13 16:09:46,556 - tOITe-Log - DEBUG - isFound : 0
2022-10-13 16:09:46,594 - tOITe-Log - DEBUG - isFound : 0
2022-10-13 16:09:46,634 - tOITe-Log - DEBUG - isFound : 0
2022-10-13 16:09:46,672 - tOITe-Log - DEBUG - isFound : 0
2022-10-13 16:09:46,712 - tOITe-Log - DEBUG - isFound : 0
2022-10-13 16:09:46,749 - tOITe-Log - DEBUG - isFound : 0
2022-10-13 16:09:46,787 - tOITe-Log - DEBUG - isFound : 0
2022-10-13 16:09:46,827 - tOITe-Log - DEBUG - isFound : 0
2022-10-13 16:09:46,869 - tOITe-Log - DEBUG - isFound : 0
2022-10-13 16:09:46,910 - tOITe-Log - DEBUG - isFound : 0
2022-10-13 16:09:46,945 - tOITe-Log - DEBUG - isFound : 0
2022-10-13 16:09:46,984 - tOITe-Log - DEBUG - isFound : 0
2022-10-13 16:09:47,022 - tOITe-Log - DEBUG - isFound : 0
2022-10-13 16:09:47,060 - tOITe-Log - DEBUG - isFound : 0
2022-10-13 16:09:47,097 - tOITe-Log - DEBUG - isFound : 0
2022-10-13 16:09:47,137 - tOITe-Log - DEBUG - isFound : 0
2022-10-13 16:09:47,176 - tOITe-Log - DEBUG - isFound : 0
2022-10-13 16:09:47,213 - tOITe-Log - DEBUG - isFound : 0
2022-10-13 16:09:47,252 - tOITe-Log - DEBUG - isFound : 0
2022-10-13 16:09:47,290 - tOITe-Log - DEBUG - isFound : 0
2022-10-13 16:09:47,329 - tOITe-Log - DEBUG - isFound : 0
2022-10-13 16:09:47,370 - tOITe-Log - DEBUG - isFound : 0
2022-10-13 16:09:47,408 - tOITe-Log - DEBUG - isFound : 0
2022-10-13 16:09:47,448 - tOITe-Log - DEBUG - isFound : 0
2022-10-13 16:09:47,488 - tOITe-Log - DEBUG - isFound : 0
2022-10-13 16:09:47,525 - tOITe-Log - DEBUG - isFound : 0
2022-10-13 16:09:47,563 - tOITe-Log - DEBUG - isFound : 0
2022-10-13 16:09:47,602 - tOITe-Log - DEBUG - isFound : 0
2022-10-13 16:09:47,643 - tOITe-Log - DEBUG - isFound : 0
2022-10-13 16:09:47,683 - tOITe-Log - DEBUG - isFound : 0
2022-10-13 16:09:47,721 - tOITe-Log - DEBUG - isFound : 0
2022-10-13 16:09:47,762 - tOITe-Log - DEBUG - isFound : 0
2022-10-13 16:09:47,813 - tOITe-Log - DEBUG - isFound : 0
2022-10-13 16:09:47,859 - tOITe-Log - DEBUG - isFound : 0
2022-10-13 16:09:47,903 - tOITe-Log - DEBUG - isFound : 0
2022-10-13 16:09:47,946 - tOITe-Log - DEBUG - isFound : 0
2022-10-13 16:09:47,989 - tOITe-Log - DEBUG - isFound : 0
2022-10-13 16:09:48,033 - tOITe-Log - DEBUG - isFound : 0
2022-10-13 16:09:48,074 - tOITe-Log - DEBUG - isFound : 0
2022-10-13 16:09:48,117 - tOITe-Log - DEBUG - isFound : 0
2022-10-13 16:09:48,158 - tOITe-Log - DEBUG - isFound : 0
2022-10-13 16:09:48,197 - tOITe-Log - DEBUG - isFound : 0
2022-10-13 16:09:48,236 - tOITe-Log - DEBUG - isFound : 0
2022-10-13 16:09:48,277 - tOITe-Log - DEBUG - isFound : 0
2022-10-13 16:09:48,317 - tOITe-Log - DEBUG - isFound : 0
2022-10-13 16:09:48,356 - tOITe-Log - DEBUG - isFound : 0
2022-10-13 16:09:48,394 - tOITe-Log - DEBUG - isFound : 0
2022-10-13 16:09:48,432 - tOITe-Log - DEBUG - isFound : 0
2022-10-13 16:09:48,472 - tOITe-Log - DEBUG - isFound : 0
2022-10-13 16:09:48,510 - tOITe-Log - DEBUG - isFound : 0
2022-10-13 16:09:48,549 - tOITe-Log - DEBUG - isFound : 0
2022-10-13 16:09:48,588 - tOITe-Log - DEBUG - isFound : 0
2022-10-13 16:09:48,627 - tOITe-Log - DEBUG - isFound : 0
2022-10-13 16:09:48,666 - tOITe-Log - DEBUG - isFound : 0
2022-10-13 16:09:48,703 - tOITe-Log - DEBUG - isFound : 0
2022-10-13 16:09:48,748 - tOITe-Log - DEBUG - isFound : 0
2022-10-13 16:09:48,799 - tOITe-Log - DEBUG - isFound : 0
2022-10-13 16:09:48,850 - tOITe-Log - DEBUG - isFound : 0
2022-10-13 16:09:48,897 - tOITe-Log - DEBUG - isFound : 0
2022-10-13 16:09:48,947 - tOITe-Log - DEBUG - isFound : 0
2022-10-13 16:09:48,994 - tOITe-Log - DEBUG - isFound : 0
2022-10-13 16:09:49,042 - tOITe-Log - DEBUG - isFound : 0
2022-10-13 16:09:49,089 - tOITe-Log - DEBUG - isFound : 0
2022-10-13 16:09:49,136 - tOITe-Log - DEBUG - isFound : 0
2022-10-13 16:09:49,180 - tOITe-Log - DEBUG - isFound : 0
2022-10-13 16:09:49,252 - tOITe-Log - DEBUG - isFound : 0
2022-10-13 16:09:49,290 - tOITe-Log - DEBUG - isFound : 0
2022-10-13 16:09:49,326 - tOITe-Log - DEBUG - isFound : 0
2022-10-13 16:09:49,367 - tOITe-Log - DEBUG - isFound : 0
2022-10-13 16:09:49,405 - tOITe-Log - DEBUG - isFound : 0
2022-10-13 16:09:49,446 - tOITe-Log - DEBUG - isFound : 0
2022-10-13 16:09:49,484 - tOITe-Log - DEBUG - isFound : 0
2022-10-13 16:09:49,523 - tOITe-Log - DEBUG - isFound : 0
2022-10-13 16:09:49,570 - tOITe-Log - DEBUG - isFound : 0
2022-10-13 16:09:49,624 - tOITe-Log - DEBUG - isFound : 0
2022-10-13 16:09:49,669 - tOITe-Log - DEBUG - isFound : 0
2022-10-13 16:09:49,720 - tOITe-Log - DEBUG - isFound : 0
2022-10-13 16:09:49,777 - tOITe-Log - DEBUG - isFound : 0
2022-10-13 16:09:49,820 - tOITe-Log - DEBUG - isFound : 0
2022-10-13 16:09:49,862 - tOITe-Log - DEBUG - isFound : 0
2022-10-13 16:09:49,909 - tOITe-Log - DEBUG - isFound : 0
2022-10-13 16:09:49,964 - tOITe-Log - DEBUG - isFound : 0
2022-10-13 16:09:50,023 - tOITe-Log - DEBUG - isFound : 0
2022-10-13 16:09:50,073 - tOITe-Log - DEBUG - isFound : 0
2022-10-13 16:09:50,123 - tOITe-Log - DEBUG - isFound : 0
2022-10-13 16:09:50,175 - tOITe-Log - DEBUG - isFound : 0
2022-10-13 16:09:50,227 - tOITe-Log - DEBUG - isFound : 0
2022-10-13 16:09:50,283 - tOITe-Log - DEBUG - isFound : 0
2022-10-13 16:09:50,332 - tOITe-Log - DEBUG - isFound : 0
2022-10-13 16:09:50,377 - tOITe-Log - DEBUG - isFound : 0
2022-10-13 16:09:50,427 - tOITe-Log - DEBUG - isFound : 0
2022-10-13 16:09:50,472 - tOITe-Log - DEBUG - isFound : 0
2022-10-13 16:09:50,511 - tOITe-Log - DEBUG - isFound : 0
2022-10-13 16:09:50,554 - tOITe-Log - DEBUG - isFound : 0
2022-10-13 16:09:50,594 - tOITe-Log - DEBUG - isFound : 0
2022-10-13 16:09:50,635 - tOITe-Log - DEBUG - isFound : 0
2022-10-13 16:09:50,678 - tOITe-Log - DEBUG - isFound : 0
2022-10-13 16:09:50,717 - tOITe-Log - DEBUG - isFound : 0
2022-10-13 16:09:50,759 - tOITe-Log - DEBUG - isFound : 0
2022-10-13 16:09:50,799 - tOITe-Log - DEBUG - isFound : 0
2022-10-13 16:09:50,842 - tOITe-Log - DEBUG - isFound : 0
2022-10-13 16:09:50,890 - tOITe-Log - DEBUG - isFound : 0
2022-10-13 16:09:50,935 - tOITe-Log - DEBUG - isFound : 0
2022-10-13 16:09:51,016 - tOITe-Log - DEBUG - isFound : 0
2022-10-13 16:09:51,062 - tOITe-Log - DEBUG - isFound : 0
2022-10-13 16:09:51,101 - tOITe-Log - DEBUG - isFound : 0
2022-10-13 16:09:51,143 - tOITe-Log - DEBUG - isFound : 0
2022-10-13 16:09:51,181 - tOITe-Log - DEBUG - isFound : 0
2022-10-13 16:09:51,223 - tOITe-Log - DEBUG - isFound : 0
2022-10-13 16:09:51,264 - tOITe-Log - DEBUG - isFound : 0
2022-10-13 16:09:51,304 - tOITe-Log - DEBUG - isFound : 0
2022-10-13 16:09:51,349 - tOITe-Log - DEBUG - isFound : 0
2022-10-13 16:09:51,389 - tOITe-Log - DEBUG - isFound : 0
2022-10-13 16:09:51,426 - tOITe-Log - DEBUG - isFound : 0
2022-10-13 16:09:51,471 - tOITe-Log - DEBUG - isFound : 0
2022-10-13 16:09:51,512 - tOITe-Log - DEBUG - isFound : 0
2022-10-13 16:09:51,602 - tOITe-Log - DEBUG - isFound : 0
2022-10-13 16:09:51,775 - tOITe-Log - DEBUG - isFound : 0
2022-10-13 16:09:51,875 - tOITe-Log - DEBUG - isFound : 0
2022-10-13 16:09:51,961 - tOITe-Log - DEBUG - isFound : 0
2022-10-13 16:09:52,049 - tOITe-Log - DEBUG - isFound : 0
2022-10-13 16:09:52,156 - tOITe-Log - DEBUG - isFound : 0
2022-10-13 16:09:52,231 - tOITe-Log - DEBUG - isFound : 0
2022-10-13 16:09:52,295 - tOITe-Log - DEBUG - isFound : 0
2022-10-13 16:09:52,346 - tOITe-Log - DEBUG - isFound : 0
2022-10-13 16:09:52,402 - tOITe-Log - DEBUG - isFound : 0
2022-10-13 16:09:52,454 - tOITe-Log - DEBUG - isFound : 0
2022-10-13 16:09:52,504 - tOITe-Log - DEBUG - isFound : 0
2022-10-13 16:09:52,558 - tOITe-Log - DEBUG - isFound : 0
2022-10-13 16:09:52,626 - tOITe-Log - DEBUG - isFound : 0
2022-10-13 16:09:52,691 - tOITe-Log - DEBUG - isFound : 0
2022-10-13 16:09:52,759 - tOITe-Log - DEBUG - isFound : 0
2022-10-13 16:09:52,840 - tOITe-Log - DEBUG - isFound : 0
2022-10-13 16:09:52,900 - tOITe-Log - DEBUG - isFound : 0
2022-10-13 16:09:52,961 - tOITe-Log - DEBUG - isFound : 0
2022-10-13 16:09:53,029 - tOITe-Log - DEBUG - isFound : 0
2022-10-13 16:09:53,099 - tOITe-Log - DEBUG - isFound : 0
2022-10-13 16:09:53,156 - tOITe-Log - DEBUG - isFound : 0
2022-10-13 16:09:53,216 - tOITe-Log - DEBUG - isFound : 0
2022-10-13 16:09:53,277 - tOITe-Log - DEBUG - isFound : 0
2022-10-13 16:09:53,333 - tOITe-Log - DEBUG - isFound : 0
2022-10-13 16:09:53,391 - tOITe-Log - DEBUG - isFound : 0
2022-10-13 16:09:53,444 - tOITe-Log - DEBUG - isFound : 0
2022-10-13 16:09:53,493 - tOITe-Log - DEBUG - isFound : 0
2022-10-13 16:09:53,545 - tOITe-Log - DEBUG - isFound : 0
2022-10-13 16:09:53,594 - tOITe-Log - DEBUG - isFound : 0
2022-10-13 16:09:53,642 - tOITe-Log - DEBUG - isFound : 0
